<?xml version="1.0" encoding="UTF-8"?>
<!-- Generated by org.testng.reporters.JUnitReportReporter -->
<testsuite skipped="0" hostname="saidinesh-mbp" name="com.apps.testpackage.GroupTestNg$ActiTimescripts" tests="9" failures="0" timestamp="15 Sep 2018 13:17:48 GMT" time="0.027" errors="0">
  <testcase name="Logtime" time="0.014" classname="com.apps.testpackage.GroupTestNg$ActiTimescripts"/>
  <testcase name="createUser" time="0.001" classname="com.apps.testpackage.GroupTestNg$ActiTimescripts"/>
  <testcase name="editUser" time="0.001" classname="com.apps.testpackage.GroupTestNg$ActiTimescripts"/>
  <testcase name="editUser" time="0.002" classname="com.apps.testpackage.GroupTestNg$ActiTimescripts"/>
  <testcase name="editUser" time="0.001" classname="com.apps.testpackage.GroupTestNg$ActiTimescripts"/>
  <testcase name="editUser" time="0.001" classname="com.apps.testpackage.GroupTestNg$ActiTimescripts"/>
  <testcase name="editUser" time="0.002" classname="com.apps.testpackage.GroupTestNg$ActiTimescripts"/>
  <testcase name="CraeateTask" time="0.001" classname="com.apps.testpackage.GroupTestNg$ActiTimescripts"/>
  <testcase name="deleteUser" time="0.004" classname="com.apps.testpackage.GroupTestNg$ActiTimescripts"/>
</testsuite> <!-- com.apps.testpackage.GroupTestNg$ActiTimescripts -->
