<?xml version="1.0" encoding="UTF-8"?>
<!-- Generated by org.testng.reporters.JUnitReportReporter -->
<testsuite skipped="0" hostname="saidinesh-mbp" name="com.apps.testpackage.AnnotationnsDemo" tests="1" failures="0" timestamp="09 Jun 2018 08:11:40 GMT" time="0.002" errors="0">
  <testcase name="testMetohd" time="0.002" classname="com.apps.testpackage.AnnotationnsDemo"/>
</testsuite> <!-- com.apps.testpackage.AnnotationnsDemo -->
