<?xml version="1.0" encoding="UTF-8"?>
<!-- Generated by org.testng.reporters.JUnitReportReporter -->
<testsuite skipped="0" hostname="saidinesh-mbp" name="com.apps.testpackage.Demo" tests="1" failures="0" timestamp="09 Jun 2018 08:11:40 GMT" time="0.005" errors="0">
  <testcase name="display" time="0.005" classname="com.apps.testpackage.Demo"/>
</testsuite> <!-- com.apps.testpackage.Demo -->
